Flow report for rc4
Tue Nov 14 19:42:21 2017
Quartus II 64-Bit Version 15.0.0 Build 145 04/22/2015 SJ Web Edition


---------------------
; Table of Contents ;
---------------------
  1. Legal Notice
  2. Flow Summary
  3. Flow Settings
  4. Flow Non-Default Global Settings
  5. Flow Elapsed Time
  6. Flow OS Summary
  7. Flow Log
  8. Flow Messages
  9. Flow Suppressed Messages



----------------
; Legal Notice ;
----------------
Copyright (C) 1991-2015 Altera Corporation. All rights reserved.
Your use of Altera Corporation's design tools, logic functions 
and other software and tools, and its AMPP partner logic 
functions, and any output files from any of the foregoing 
(including device programming or simulation files), and any 
associated documentation or information are expressly subject 
to the terms and conditions of the Altera Program License 
Subscription Agreement, the Altera Quartus II License Agreement,
the Altera MegaCore Function License Agreement, or other 
applicable license agreement, including, without limitation, 
that your use is for the sole purpose of programming logic 
devices manufactured by Altera and sold by Altera or its 
authorized distributors.  Please refer to the applicable 
agreement for further details.



+------------------------------------------------------------------------------+
; Flow Summary                                                                 ;
+---------------------------------+--------------------------------------------+
; Flow Status                     ; Successful - Tue Nov 14 19:42:04 2017      ;
; Quartus II 64-Bit Version       ; 15.0.0 Build 145 04/22/2015 SJ Web Edition ;
; Revision Name                   ; rc4                                        ;
; Top-level Entity Name           ; ksa_verilog                                ;
; Family                          ; Cyclone V                                  ;
; Device                          ; 5CSEMA5F31C6                               ;
; Timing Models                   ; Final                                      ;
; Logic utilization (in ALMs)     ; 439 / 32,070 ( 1 % )                       ;
; Total registers                 ; 507                                        ;
; Total pins                      ; 69 / 457 ( 15 % )                          ;
; Total virtual pins              ; 0                                          ;
; Total block memory bits         ; 6,144 / 4,065,280 ( < 1 % )                ;
; Total DSP Blocks                ; 0 / 87 ( 0 % )                             ;
; Total HSSI RX PCSs              ; 0                                          ;
; Total HSSI PMA RX Deserializers ; 0                                          ;
; Total HSSI TX PCSs              ; 0                                          ;
; Total HSSI PMA TX Serializers   ; 0                                          ;
; Total PLLs                      ; 0 / 6 ( 0 % )                              ;
; Total DLLs                      ; 0 / 4 ( 0 % )                              ;
+---------------------------------+--------------------------------------------+


+-----------------------------------------+
; Flow Settings                           ;
+-------------------+---------------------+
; Option            ; Setting             ;
+-------------------+---------------------+
; Start date & time ; 11/14/2017 19:39:38 ;
; Main task         ; Compilation         ;
; Revision Name     ; rc4                 ;
+-------------------+---------------------+


+-------------------------------------------------------------------------------------------------------------------------------------------+
; Flow Non-Default Global Settings                                                                                                          ;
+---------------------------------------------------+---------------------------------------+--------------------+-------------+------------+
; Assignment Name                                   ; Value                                 ; Default Value      ; Entity Name ; Section Id ;
+---------------------------------------------------+---------------------------------------+--------------------+-------------+------------+
; AUTO_RAM_RECOGNITION                              ; Off                                   ; On                 ; --          ; --         ;
; AUTO_ROM_RECOGNITION                              ; Off                                   ; On                 ; --          ; --         ;
; BLOCK_RAM_AND_MLAB_EQUIVALENT_POWER_UP_CONDITIONS ; Care                                  ; Auto               ; --          ; --         ;
; COMPILER_SIGNATURE_ID                             ; 189302532414724.151071717809304       ; --                 ; --          ; --         ;
; EXTRACT_VERILOG_STATE_MACHINES                    ; Off                                   ; On                 ; --          ; --         ;
; EXTRACT_VHDL_STATE_MACHINES                       ; Off                                   ; On                 ; --          ; --         ;
; FITTER_EFFORT                                     ; Standard Fit                          ; Auto Fit           ; --          ; --         ;
; MAX_CORE_JUNCTION_TEMP                            ; 85                                    ; --                 ; --          ; --         ;
; MIN_CORE_JUNCTION_TEMP                            ; 0                                     ; --                 ; --          ; --         ;
; MISC_FILE                                         ; s_memory.cmp                          ; --                 ; --          ; --         ;
; MISC_FILE                                         ; read_memory.cmp                       ; --                 ; --          ; --         ;
; MISC_FILE                                         ; r_memory.cmp                          ; --                 ; --          ; --         ;
; OPTIMIZE_POWER_DURING_SYNTHESIS                   ; Off                                   ; Normal compilation ; --          ; --         ;
; PARTITION_COLOR                                   ; 16764057                              ; --                 ; ksa_verilog ; Top        ;
; PARTITION_FITTER_PRESERVATION_LEVEL               ; PLACEMENT_AND_ROUTING                 ; --                 ; ksa_verilog ; Top        ;
; PARTITION_NETLIST_TYPE                            ; SOURCE                                ; --                 ; ksa_verilog ; Top        ;
; PHYSICAL_SYNTHESIS_EFFORT                         ; Fast                                  ; Normal             ; --          ; --         ;
; PHYSICAL_SYNTHESIS_REGISTER_RETIMING              ; On                                    ; Off                ; --          ; --         ;
; POWER_BOARD_THERMAL_MODEL                         ; None (CONSERVATIVE)                   ; --                 ; --          ; --         ;
; POWER_PRESET_COOLING_SOLUTION                     ; 23 MM HEAT SINK WITH 200 LFPM AIRFLOW ; --                 ; --          ; --         ;
; PROJECT_OUTPUT_DIRECTORY                          ; output_files                          ; --                 ; --          ; --         ;
; ROUTER_CLOCKING_TOPOLOGY_ANALYSIS                 ; On                                    ; Off                ; --          ; --         ;
; SYNCHRONIZATION_REGISTER_CHAIN_LENGTH             ; 2                                     ; 3                  ; --          ; --         ;
; SYNCHRONIZER_IDENTIFICATION                       ; Auto                                  ; Off                ; --          ; --         ;
; TOP_LEVEL_ENTITY                                  ; ksa_verilog                           ; rc4                ; --          ; --         ;
; VERILOG_INPUT_VERSION                             ; SystemVerilog_2005                    ; Verilog_2001       ; --          ; --         ;
; VERILOG_NON_CONSTANT_LOOP_LIMIT                   ; 5000                                  ; 250                ; --          ; --         ;
; VERILOG_SHOW_LMF_MAPPING_MESSAGES                 ; Off                                   ; --                 ; --          ; --         ;
+---------------------------------------------------+---------------------------------------+--------------------+-------------+------------+


+-------------------------------------------------------------------------------------------------------------------------------+
; Flow Elapsed Time                                                                                                             ;
+---------------------------+--------------+-------------------------+---------------------+------------------------------------+
; Module Name               ; Elapsed Time ; Average Processors Used ; Peak Virtual Memory ; Total CPU Time (on all processors) ;
+---------------------------+--------------+-------------------------+---------------------+------------------------------------+
; Analysis & Synthesis      ; 00:00:35     ; 1.0                     ; 818 MB              ; 00:01:14                           ;
; Fitter                    ; 00:01:28     ; 1.2                     ; 2116 MB             ; 00:02:09                           ;
; Assembler                 ; 00:00:14     ; 1.0                     ; 778 MB              ; 00:00:14                           ;
; TimeQuest Timing Analyzer ; 00:00:15     ; 1.2                     ; 1125 MB             ; 00:00:16                           ;
; Total                     ; 00:02:32     ; --                      ; --                  ; 00:03:53                           ;
+---------------------------+--------------+-------------------------+---------------------+------------------------------------+


+----------------------------------------------------------------------------------------+
; Flow OS Summary                                                                        ;
+---------------------------+------------------+-----------+------------+----------------+
; Module Name               ; Machine Hostname ; OS Name   ; OS Version ; Processor type ;
+---------------------------+------------------+-----------+------------+----------------+
; Analysis & Synthesis      ; DESKTOP-BU4BSBV  ; Windows 7 ; 6.2        ; x86_64         ;
; Fitter                    ; DESKTOP-BU4BSBV  ; Windows 7 ; 6.2        ; x86_64         ;
; Assembler                 ; DESKTOP-BU4BSBV  ; Windows 7 ; 6.2        ; x86_64         ;
; TimeQuest Timing Analyzer ; DESKTOP-BU4BSBV  ; Windows 7 ; 6.2        ; x86_64         ;
+---------------------------+------------------+-----------+------------+----------------+


------------
; Flow Log ;
------------
quartus_map --read_settings_files=on --write_settings_files=off rc4 -c rc4
quartus_fit --read_settings_files=off --write_settings_files=off rc4 -c rc4
quartus_asm --read_settings_files=off --write_settings_files=off rc4 -c rc4
quartus_sta rc4 -c rc4



